Arguments: 
  C:\Program Files\nodejs\node.exe C:\Users\Filmo\AppData\Roaming\npm\node_modules\yarn\bin\yarn.js init

PATH: 
  C:\Users\Filmo\bin;C:\Program Files\Git\mingw64\bin;C:\Program Files\Git\usr\local\bin;C:\Program Files\Git\usr\bin;C:\Program Files\Git\usr\bin;C:\Program Files\Git\mingw64\bin;C:\Program Files\Git\usr\bin;C:\Users\Filmo\bin;C:\Users\Filmo\AppData\Local\cloud-code\installer\google-cloud-sdk\bin;C:\Program Files\PHP\v8.0;C:\WINDOWS\system32;C:\WINDOWS;C:\WINDOWS\System32\Wbem;C:\WINDOWS\System32\WindowsPowerShell\v1.0;C:\WINDOWS\System32\OpenSSH;C:\ProgramData\chocolatey\bin;C:\Program Files\Git\cmd;C:\Users\Filmo\AppData\Roaming\nvm;C:\wamp64\bin\php\php5.6.40;C:\composer;C:\Program Files\Microsoft\Web Platform Installer;C:\php;C:\Users\Filmo\AppData\Local\Microsoft\WindowsApps;C:\Users\Filmo\AppData\Local\Programs\Microsoft VS Code\bin;C:\Users\Filmo\AppData\Roaming\npm;C:\Users\Filmo\AppData\Local\Google\Cloud SDK\google-cloud-sdk\bin;C:\Users\Filmo\AppData\Roaming\Composer\vendor\bin;%NVM_HOME%;%NVM_SYMLINK%;C:\Program Files\Docker\Docker\resources\bin;C:\ProgramData\DockerDesktop\version-bin;C:\Users\Filmo\AppData\Local\Microsoft\WindowsApps;C:\Users\Filmo\AppData\Local\Programs\Microsoft VS Code\bin;C:\Users\Filmo\AppData\Roaming\Composer\vendor\bin;C:\Users\Filmo\AppData\Roaming\npm;C:\Users\Filmo\AppData\Roaming\nvm;C:\Program Files\nodejs;C:\Users\Filmo\AppData\Local\Google\Cloud SDK\google-cloud-sdk\bin;C:\Program Files\Git\usr\bin\vendor_perl;C:\Program Files\Git\usr\bin\core_perl

Yarn version: 
  1.22.11

Node version: 
  14.17.6

Platform: 
  win32 x64

Trace: 
  Error: canceled
      at Interface.<anonymous> (C:\Users\Filmo\AppData\Roaming\npm\node_modules\yarn\lib\cli.js:137023:13)
      at Interface.emit (events.js:400:28)
      at Interface._ttyWrite (readline.js:910:16)
      at ReadStream.onkeypress (readline.js:235:10)
      at ReadStream.emit (events.js:400:28)
      at emitKeys (internal/readline/utils.js:358:14)
      at emitKeys.next (<anonymous>)
      at ReadStream.onData (readline.js:1179:36)
      at ReadStream.emit (events.js:400:28)
      at addChunk (internal/streams/readable.js:290:12)

npm manifest: 
  No manifest

yarn manifest: 
  No manifest

Lockfile: 
  No lockfile
